<?xml version="1.0" encoding="UTF-8"?>
<!-- Generated by org.testng.reporters.JUnitXMLReporter -->
<testsuite ignored="0" hostname="DESKTOP-L9A7JG1" failures="0" tests="2" name="Default test" time="9.607" errors="0" timestamp="2023-02-14T16:22:40 EST">
  <testcase classname="com.facebook_registrationTest.PageFactoryRegistrationTest" name="regressionSignupNewAccount" time="1.811"/>
  <testcase classname="com.facebook_registrationTest.PageFactoryRegistrationTest" name="signupNewAccount" time="1.811"/>
</testsuite> <!-- Default test -->
