<?xml version="1.0" encoding="UTF-8"?>
<testng-results ignored="0" total="2" passed="2" failed="0" skipped="0">
  <reporter-output>
  </reporter-output>
  <suite started-at="2023-02-14T16:22:30 EST" name="Default suite" finished-at="2023-02-14T16:22:40 EST" duration-ms="9607">
    <groups>
    </groups>
    <test started-at="2023-02-14T16:22:30 EST" name="Default test" finished-at="2023-02-14T16:22:40 EST" duration-ms="9607">
      <class name="com.facebook_registrationTest.PageFactoryRegistrationTest">
        <test-method is-config="true" signature="init()[pri:0, instance:com.facebook_registrationTest.PageFactoryRegistrationTest@7f3b84b8]" started-at="2023-02-14T16:22:31 EST" name="init" finished-at="2023-02-14T16:22:34 EST" duration-ms="3715" status="PASS">
          <reporter-output>
          </reporter-output>
        </test-method> <!-- init -->
        <test-method signature="regressionSignupNewAccount()[pri:0, instance:com.facebook_registrationTest.PageFactoryRegistrationTest@7f3b84b8]" started-at="2023-02-14T16:22:34 EST" name="regressionSignupNewAccount" finished-at="2023-02-14T16:22:36 EST" duration-ms="1811" status="PASS">
          <reporter-output>
          </reporter-output>
        </test-method> <!-- regressionSignupNewAccount -->
        <test-method is-config="true" signature="init()[pri:0, instance:com.facebook_registrationTest.PageFactoryRegistrationTest@7f3b84b8]" started-at="2023-02-14T16:22:36 EST" name="init" finished-at="2023-02-14T16:22:38 EST" duration-ms="2205" status="PASS">
          <reporter-output>
          </reporter-output>
        </test-method> <!-- init -->
        <test-method signature="signupNewAccount()[pri:0, instance:com.facebook_registrationTest.PageFactoryRegistrationTest@7f3b84b8]" started-at="2023-02-14T16:22:38 EST" name="signupNewAccount" finished-at="2023-02-14T16:22:40 EST" duration-ms="1811" status="PASS">
          <reporter-output>
          </reporter-output>
        </test-method> <!-- signupNewAccount -->
      </class> <!-- com.facebook_registrationTest.PageFactoryRegistrationTest -->
    </test> <!-- Default test -->
  </suite> <!-- Default suite -->
</testng-results>
